[29-03-2025__08:35 PM] info: Server is running at port 4173
[29-03-2025__08:35 PM] info: Server is running at port 4173
[29-03-2025__08:36 PM] info: Server is running at port 4173
[29-03-2025__08:36 PM] info: Server is running at port 4173
[29-03-2025__08:37 PM] info: Server is running at port 4173
[29-03-2025__08:37 PM] info: Server is running at port 4173
[29-03-2025__08:39 PM] info: Server is running at port 4173
[29-03-2025__08:40 PM] info: Server is running at port 4173
[29-03-2025__08:41 PM] info: Server is running at port 4173
[29-03-2025__08:41 PM] info: Connected to database
[29-03-2025__08:42 PM] info: Server is running at port 4173
[29-03-2025__08:42 PM] info: Connected to database
[29-03-2025__08:42 PM] info: Server is running at port 4173
[29-03-2025__08:42 PM] info: Connected to database
[29-03-2025__08:43 PM] info: Server is running at port 4173
[29-03-2025__08:43 PM] error: Failed connecting to the database - MongoServerError: bad auth : authentication failed
[29-03-2025__08:43 PM] info: Server is running at port 4173
[29-03-2025__08:43 PM] error: Failed connecting to the database - MongoServerError: bad auth : authentication failed
[29-03-2025__08:44 PM] info: Server is running at port 4173
[29-03-2025__08:44 PM] info: Connected to database
[29-03-2025__08:45 PM] info: Server is running at port 4173
[29-03-2025__08:45 PM] info: Connected to database
[29-03-2025__08:45 PM] info: Server is running at port 4173
[29-03-2025__08:45 PM] error: Failed connecting to the database - bad auth : authentication failed
[29-03-2025__08:45 PM] info: Server is running at port 4173
[29-03-2025__08:45 PM] info: Connected to database
[29-03-2025__08:48 PM] info: Server is running at port 4173
[29-03-2025__08:48 PM] info: Connected to database
[29-03-2025__09:13 PM] info: Server is running at port 4173
[29-03-2025__09:13 PM] info: Connected to database
[29-03-2025__09:24 PM] info: Server is running at port 4173
[29-03-2025__09:24 PM] info: Connected to database
[29-03-2025__09:36 PM] info: Server is running at port 4173
[29-03-2025__09:36 PM] info: Connected to database
[29-03-2025__09:36 PM] info: Server is running at port 4173
[29-03-2025__09:36 PM] info: Connected to database
[29-03-2025__09:44 PM] info: Server is running at port 4173
[29-03-2025__09:44 PM] info: Connected to database
[29-03-2025__09:45 PM] info: Server is running at port 4173
[29-03-2025__09:45 PM] info: Connected to database
[29-03-2025__09:46 PM] info: Connected to database
[29-03-2025__09:46 PM] info: Connected to database
[29-03-2025__09:46 PM] info: Server is running at port 4173
[29-03-2025__09:46 PM] info: Connected to database
[29-03-2025__09:46 PM] info: Connected to database
[29-03-2025__09:46 PM] info: Server is running at port 4173
[29-03-2025__09:46 PM] info: Connected to database
[29-03-2025__09:58 PM] info: Server is running at port 4173
[29-03-2025__09:58 PM] info: Connected to database
[29-03-2025__09:59 PM] info: Server is running at port 4173
[29-03-2025__09:59 PM] info: Connected to database
[29-03-2025__09:59 PM] info: [object Object]
[29-03-2025__09:59 PM] info: Server is running at port 4173
[29-03-2025__10:00 PM] info: Connected to database
[29-03-2025__10:02 PM] info: Server is running at port 4173
[29-03-2025__10:02 PM] info: Connected to database
[29-03-2025__10:03 PM] info: Server is running at port 4173
[29-03-2025__10:03 PM] info: Connected to database
[29-03-2025__10:03 PM] info: Server is running at port 4173
[29-03-2025__10:03 PM] info: Connected to database
[29-03-2025__10:05 PM] info: Server is running at port 4173
[29-03-2025__10:05 PM] info: Connected to database
[29-03-2025__10:09 PM] info: Server is running at port 4173
[29-03-2025__10:09 PM] info: Connected to database
[29-03-2025__10:13 PM] info: Server is running at port 4173
[29-03-2025__10:13 PM] info: Connected to database
[29-03-2025__10:15 PM] info: Server is running at port 4173
[29-03-2025__10:15 PM] info: Connected to database
[29-03-2025__10:16 PM] info: Server is running at port 4173
[29-03-2025__10:16 PM] info: Connected to database
[29-03-2025__10:17 PM] info: Server is running at port 4173
[29-03-2025__10:17 PM] info: Connected to database
[29-03-2025__10:17 PM] info: Server is running at port 4173
[29-03-2025__10:17 PM] info: Connected to database
[29-03-2025__10:20 PM] info: Server is running at port 4173
[29-03-2025__10:20 PM] info: Connected to database
[29-03-2025__10:21 PM] info: Server is running at port 4173
[29-03-2025__10:21 PM] info: Connected to database
[29-03-2025__10:22 PM] info: Server is running at port 4173
[29-03-2025__10:22 PM] info: Connected to database
[29-03-2025__10:22 PM] info: Server is running at port 4173
[29-03-2025__10:22 PM] info: Connected to database
[29-03-2025__10:26 PM] info: Server is running at port 4173
[29-03-2025__10:26 PM] info: Connected to database
[29-03-2025__10:30 PM] info: Server is running at port 4173
[29-03-2025__10:30 PM] info: Connected to database
[29-03-2025__10:31 PM] info: Server is running at port 4173
[29-03-2025__10:31 PM] info: Connected to database
[29-03-2025__10:31 PM] info: Server is running at port 4173
[29-03-2025__10:31 PM] info: Connected to database
[29-03-2025__10:32 PM] info: Server is running at port 4173
[29-03-2025__10:32 PM] info: Connected to database
[29-03-2025__10:32 PM] info: Server is running at port 4173
[29-03-2025__10:32 PM] info: Connected to database
[29-03-2025__10:32 PM] info: Server is running at port 4173
[29-03-2025__10:32 PM] info: Connected to database
[29-03-2025__10:34 PM] info: Server is running at port 4173
[29-03-2025__10:34 PM] info: Connected to database
[29-03-2025__10:36 PM] info: Server is running at port 4173
[29-03-2025__10:36 PM] info: Connected to database
[29-03-2025__10:36 PM] info: Server is running at port 4173
[29-03-2025__10:36 PM] info: Connected to database
[29-03-2025__10:40 PM] info: Server is running at port 4173
[29-03-2025__10:40 PM] info: Connected to database
[29-03-2025__10:40 PM] info: Server is running at port 4173
[29-03-2025__10:40 PM] info: Connected to database
[29-03-2025__10:49 PM] info: Server is running at port 4173
[29-03-2025__10:49 PM] info: Connected to database
[29-03-2025__10:52 PM] info: Server is running at port 4173
[29-03-2025__10:52 PM] info: Connected to database
[29-03-2025__10:57 PM] info: Server is running at port 4173
[29-03-2025__10:57 PM] info: Connected to database
[29-03-2025__10:57 PM] info: Server is running at port 4173
[29-03-2025__10:57 PM] info: Connected to database
[29-03-2025__10:57 PM] info: Server is running at port 4173
[29-03-2025__10:57 PM] info: Connected to database
[29-03-2025__10:57 PM] info: Server is running at port 4173
[29-03-2025__10:57 PM] info: Connected to database
[29-03-2025__10:59 PM] info: Server is running at port 4173
[29-03-2025__10:59 PM] info: Connected to database
[29-03-2025__11:00 PM] info: Server is running at port 4173
[29-03-2025__11:00 PM] info: Connected to database
[29-03-2025__11:04 PM] info: Server is running at port 4173
[29-03-2025__11:04 PM] info: Connected to database
[29-03-2025__11:05 PM] info: Server is running at port 4173
[29-03-2025__11:05 PM] info: Connected to database
[29-03-2025__11:05 PM] info: Server is running at port 4173
[29-03-2025__11:05 PM] info: Connected to database
[29-03-2025__11:06 PM] info: Server is running at port 4173
[29-03-2025__11:06 PM] info: Connected to database
[29-03-2025__11:06 PM] info: Server is running at port 4173
[29-03-2025__11:06 PM] info: Connected to database
[29-03-2025__11:07 PM] info: Server is running at port 4173
[29-03-2025__11:07 PM] info: Connected to database
[29-03-2025__11:07 PM] info: Server is running at port 4173
[29-03-2025__11:07 PM] info: Connected to database
[29-03-2025__11:07 PM] info: Server is running at port 4173
[29-03-2025__11:07 PM] info: Connected to database
[29-03-2025__11:07 PM] info: Server is running at port 4173
[29-03-2025__11:07 PM] info: Connected to database
[29-03-2025__11:07 PM] info: Server is running at port 4173
[29-03-2025__11:07 PM] info: Connected to database
[29-03-2025__11:08 PM] info: Server is running at port 4173
[29-03-2025__11:08 PM] info: Connected to database
[29-03-2025__11:08 PM] info: User created for rim89987@gmail.com
[29-03-2025__11:15 PM] info: Server is running at port 4173
[29-03-2025__11:15 PM] info: Connected to database
[29-03-2025__11:26 PM] info: Server is running at port 4173
[29-03-2025__11:26 PM] info: Connected to database
[29-03-2025__11:26 PM] info: User created for rim89987@gmail.com
[29-03-2025__11:26 PM] info: Failed creation of token for user rim89987@gmail.com
[29-03-2025__11:27 PM] info: Server is running at port 4173
[29-03-2025__11:27 PM] info: Connected to database
[29-03-2025__11:27 PM] info: User created for rim89987@gmail.com
[29-03-2025__11:27 PM] info: Failed creation of token for user rim89987@gmail.com - secretOrPrivateKey must be an asymmetric key when using RS256
[29-03-2025__11:28 PM] info: Server is running at port 4173
[29-03-2025__11:28 PM] info: Connected to database
[29-03-2025__11:28 PM] info: Server is running at port 4173
[29-03-2025__11:28 PM] info: Connected to database
[29-03-2025__11:28 PM] info: User created for rim89987@gmail.com
[29-03-2025__11:30 PM] info: Server is running at port 4173
[29-03-2025__11:30 PM] info: Connected to database
[29-03-2025__11:31 PM] info: Server is running at port 4173
[29-03-2025__11:31 PM] info: Connected to database
[29-03-2025__11:32 PM] info: Server is running at port 4173
[29-03-2025__11:32 PM] info: Connected to database
[29-03-2025__11:32 PM] info: User created for rim89987@gmail.com
[29-03-2025__11:33 PM] info: Server is running at port 4173
[29-03-2025__11:33 PM] info: Connected to database
[29-03-2025__11:34 PM] info: Server is running at port 4173
[29-03-2025__11:34 PM] info: Connected to database
[29-03-2025__11:34 PM] info: User created for rim89987@gmail.com
[29-03-2025__11:35 PM] info: Server is running at port 4173
[29-03-2025__11:35 PM] info: Server is running at port 4173
[29-03-2025__11:35 PM] info: Connected to database
[29-03-2025__11:35 PM] info: User created for rim89987@gmail.com
[29-03-2025__11:38 PM] info: Server is running at port 4173
[29-03-2025__11:38 PM] info: Connected to database
[29-03-2025__11:38 PM] info: Server is running at port 4173
[29-03-2025__11:38 PM] info: Connected to database
[29-03-2025__11:38 PM] info: User created for rim89987@gmail.com
[29-03-2025__11:38 PM] info: User created for rim89987@gmail.com
[29-03-2025__11:40 PM] info: User created for rim89987@gmail.com
